Using pre-set license
Built from '2020.2/release' branch; Version is '2020.2.2f1 (068178b99f32) revision 426360'; Using compiler version '192528614'; Build Type 'Release'
OS: 'Windows 10 Pro; OS build 18363.1316; Version 1909; 64bit' Language: 'ru' Physical Memory: 8035 MB
BatchMode: 1, IsHumanControllingUs: 0, StartBugReporterOnCrash: 0, Is64bit: 1, IsPro: 0

 COMMAND LINE ARGUMENTS:
C:\Program Files\Unity\Hub\Editor\2020.2.2f1\Editor\Unity.exe
-adb2
-batchMode
-noUpm
-name
AssetImportWorker0
-projectPath
C:/Users/alexc/OneDrive/Документы/UStudy/PController
-logFile
Logs/AssetImportWorker0.log
-srvPort
61111
Successfully changed project path to: C:/Users/alexc/OneDrive/Документы/UStudy/PController
C:/Users/alexc/OneDrive/Документы/UStudy/PController
Using Asset Import Pipeline V2.
Refreshing native plugins compatible for Editor in 27.16 ms, found 0 plugins.
Preloading 0 native plugins for Editor in 0.00 ms.
Initialize engine version: 2020.2.2f1 (068178b99f32)
[Subsystems] Discovering subsystems at path C:/Program Files/Unity/Hub/Editor/2020.2.2f1/Editor/Data/Resources/UnitySubsystems
[Subsystems] Discovering subsystems at path C:/Users/alexc/OneDrive/Документы/UStudy/PController/Assets
GfxDevice: creating device client; threaded=0
Direct3D:
    Version:  Direct3D 11.0 [level 11.1]
    Renderer: NVIDIA GeForce GTX 1050 Ti (ID=0x1c8f)
    Vendor:   
    VRAM:     4021 MB
    Driver:   27.21.14.6109
Initialize mono
Mono path[0] = 'C:/Program Files/Unity/Hub/Editor/2020.2.2f1/Editor/Data/Managed'
Mono path[1] = 'C:/Program Files/Unity/Hub/Editor/2020.2.2f1/Editor/Data/MonoBleedingEdge/lib/mono/unityjit'
Mono config path = 'C:/Program Files/Unity/Hub/Editor/2020.2.2f1/Editor/Data/MonoBleedingEdge/etc'
Using monoOptions --debugger-agent=transport=dt_socket,embedding=1,server=y,suspend=n,address=127.0.0.1:56896
Begin MonoManager ReloadAssembly
Registering precompiled unity dll's ...
Register platform support module: C:/Program Files/Unity/Hub/Editor/2020.2.2f1/Editor/Data/PlaybackEngines/WindowsStandaloneSupport/UnityEditor.WindowsStandalone.Extensions.dll
Registered in 0.002322 seconds.
Native extension for WindowsStandalone target not found
Refreshing native plugins compatible for Editor in 23.69 ms, found 0 plugins.
Preloading 0 native plugins for Editor in 0.00 ms.
Invoked RoslynAnalysisRunner static constructor.
RoslynAnalysisRunner will not be running.
RoslynAnalysisRunner has terminated.
Mono: successfully reloaded assembly
- Completed reload, in  1.187 seconds
Platform modules already initialized, skipping
Registering precompiled user dll's ...
Registered in 0.000908 seconds.
Begin MonoManager ReloadAssembly
Native extension for WindowsStandalone target not found
Refreshing native plugins compatible for Editor in 0.21 ms, found 0 plugins.
Preloading 0 native plugins for Editor in 0.00 ms.
Invoked RoslynAnalysisRunner static constructor.
RoslynAnalysisRunner will not be running.
RoslynAnalysisRunner has terminated.
Mono: successfully reloaded assembly
- Completed reload, in  0.802 seconds
Platform modules already initialized, skipping
========================================================================
Worker process is ready to serve import requests
Launched and connected shader compiler UnityShaderCompiler.exe after 1.10 seconds
Refreshing native plugins compatible for Editor in 0.20 ms, found 0 plugins.
Preloading 0 native plugins for Editor in 0.00 ms.
Unloading 1106 Unused Serialized files (Serialized files now loaded: 0)
System memory in use before: 57.8 MB.
System memory in use after: 57.8 MB.

Unloading 10 unused Assets to reduce memory usage. Loaded Objects now: 1548.
Total: 1.950000 ms (FindLiveObjects: 0.148500 ms CreateObjectMapping: 0.050200 ms MarkObjects: 1.660200 ms  DeleteObjects: 0.089900 ms)

========================================================================
Received Import Request.
  path: Assets/Scripts/Player/FPC.cs
  artifactKey: Guid(95f586f6ca90deb4089c6d31fd7c1ae2) Importer(815301076,1909f56bfc062723c751e8b465ee728b)
Start importing Assets/Scripts/Player/FPC.cs using Guid(95f586f6ca90deb4089c6d31fd7c1ae2) Importer(815301076,1909f56bfc062723c751e8b465ee728b)  -> (artifact id: 'e9e3eda90e9fc55b1ac6610f6cbaf785') in 0.451515 seconds
  Import took 0.453530 seconds .

========================================================================
Received Prepare
Registering precompiled user dll's ...
Registered in 0.000879 seconds.
Begin MonoManager ReloadAssembly
Native extension for WindowsStandalone target not found
Refreshing native plugins compatible for Editor in 0.21 ms, found 0 plugins.
Preloading 0 native plugins for Editor in 0.00 ms.
Invoked RoslynAnalysisRunner static constructor.
RoslynAnalysisRunner will not be running.
RoslynAnalysisRunner has terminated.
Mono: successfully reloaded assembly
- Completed reload, in  0.765 seconds
Platform modules already initialized, skipping
Refreshing native plugins compatible for Editor in 0.25 ms, found 0 plugins.
Preloading 0 native plugins for Editor in 0.00 ms.
Unloading 1100 Unused Serialized files (Serialized files now loaded: 0)
System memory in use before: 57.8 MB.
System memory in use after: 57.9 MB.

Unloading 5 unused Assets to reduce memory usage. Loaded Objects now: 1550.
Total: 1.802400 ms (FindLiveObjects: 0.141800 ms CreateObjectMapping: 0.041700 ms MarkObjects: 1.563500 ms  DeleteObjects: 0.054300 ms)

========================================================================
Received Import Request.
  Time since last request: 184.667237 seconds.
  path: Assets/Scripts/Player/FPC.cs
  artifactKey: Guid(95f586f6ca90deb4089c6d31fd7c1ae2) Importer(815301076,1909f56bfc062723c751e8b465ee728b)
Start importing Assets/Scripts/Player/FPC.cs using Guid(95f586f6ca90deb4089c6d31fd7c1ae2) Importer(815301076,1909f56bfc062723c751e8b465ee728b)  -> (artifact id: 'b27256f86609865ec2463e93dd25807c') in 0.004718 seconds
  Import took 0.105888 seconds .

========================================================================
Received Prepare
Registering precompiled user dll's ...
Registered in 0.000895 seconds.
Begin MonoManager ReloadAssembly
Native extension for WindowsStandalone target not found
Refreshing native plugins compatible for Editor in 0.20 ms, found 0 plugins.
Preloading 0 native plugins for Editor in 0.00 ms.
Invoked RoslynAnalysisRunner static constructor.
RoslynAnalysisRunner will not be running.
RoslynAnalysisRunner has terminated.
Mono: successfully reloaded assembly
- Completed reload, in  0.770 seconds
Platform modules already initialized, skipping
Refreshing native plugins compatible for Editor in 0.20 ms, found 0 plugins.
Preloading 0 native plugins for Editor in 0.00 ms.
Unloading 1100 Unused Serialized files (Serialized files now loaded: 0)
System memory in use before: 58.1 MB.
System memory in use after: 58.1 MB.

Unloading 5 unused Assets to reduce memory usage. Loaded Objects now: 1552.
Total: 1.826200 ms (FindLiveObjects: 0.157400 ms CreateObjectMapping: 0.036100 ms MarkObjects: 1.572400 ms  DeleteObjects: 0.059300 ms)

========================================================================
Received Import Request.
  Time since last request: 160.464575 seconds.
  path: Assets/Scripts/Player/FPC.cs
  artifactKey: Guid(95f586f6ca90deb4089c6d31fd7c1ae2) Importer(815301076,1909f56bfc062723c751e8b465ee728b)
Start importing Assets/Scripts/Player/FPC.cs using Guid(95f586f6ca90deb4089c6d31fd7c1ae2) Importer(815301076,1909f56bfc062723c751e8b465ee728b)  -> (artifact id: '12f77f809e137f077a82c31a153e587e') in 0.005294 seconds
  Import took 0.112268 seconds .

========================================================================
Received Prepare
Registering precompiled user dll's ...
Registered in 0.001054 seconds.
Begin MonoManager ReloadAssembly
Native extension for WindowsStandalone target not found
Refreshing native plugins compatible for Editor in 0.22 ms, found 0 plugins.
Preloading 0 native plugins for Editor in 0.00 ms.
Invoked RoslynAnalysisRunner static constructor.
RoslynAnalysisRunner will not be running.
RoslynAnalysisRunner has terminated.
Mono: successfully reloaded assembly
- Completed reload, in  0.752 seconds
Platform modules already initialized, skipping
Refreshing native plugins compatible for Editor in 0.20 ms, found 0 plugins.
Preloading 0 native plugins for Editor in 0.00 ms.
Unloading 1100 Unused Serialized files (Serialized files now loaded: 0)
System memory in use before: 58.3 MB.
System memory in use after: 58.4 MB.

Unloading 5 unused Assets to reduce memory usage. Loaded Objects now: 1554.
Total: 2.173200 ms (FindLiveObjects: 0.123300 ms CreateObjectMapping: 0.033700 ms MarkObjects: 1.951000 ms  DeleteObjects: 0.064300 ms)

========================================================================
Received Prepare
Registering precompiled user dll's ...
Registered in 0.000859 seconds.
Begin MonoManager ReloadAssembly
Native extension for WindowsStandalone target not found
Refreshing native plugins compatible for Editor in 0.20 ms, found 0 plugins.
Preloading 0 native plugins for Editor in 0.00 ms.
Invoked RoslynAnalysisRunner static constructor.
RoslynAnalysisRunner will not be running.
RoslynAnalysisRunner has terminated.
Mono: successfully reloaded assembly
- Completed reload, in  0.739 seconds
Platform modules already initialized, skipping
Refreshing native plugins compatible for Editor in 0.21 ms, found 0 plugins.
Preloading 0 native plugins for Editor in 0.00 ms.
Unloading 1100 Unused Serialized files (Serialized files now loaded: 0)
System memory in use before: 58.5 MB.
System memory in use after: 58.5 MB.

Unloading 5 unused Assets to reduce memory usage. Loaded Objects now: 1556.
Total: 1.641300 ms (FindLiveObjects: 0.141400 ms CreateObjectMapping: 0.045900 ms MarkObjects: 1.403100 ms  DeleteObjects: 0.049800 ms)

========================================================================
Received Import Request.
  Time since last request: 471.233539 seconds.
  path: Assets/Scripts/Player/FPC.cs
  artifactKey: Guid(95f586f6ca90deb4089c6d31fd7c1ae2) Importer(815301076,1909f56bfc062723c751e8b465ee728b)
Start importing Assets/Scripts/Player/FPC.cs using Guid(95f586f6ca90deb4089c6d31fd7c1ae2) Importer(815301076,1909f56bfc062723c751e8b465ee728b)  -> (artifact id: 'df6ec0a0422c2ee5b6c88290b89439e1') in 0.004807 seconds
  Import took 0.097543 seconds .

========================================================================
Received Prepare
Registering precompiled user dll's ...
Registered in 0.000943 seconds.
Begin MonoManager ReloadAssembly
Native extension for WindowsStandalone target not found
Refreshing native plugins compatible for Editor in 0.19 ms, found 0 plugins.
Preloading 0 native plugins for Editor in 0.00 ms.
Invoked RoslynAnalysisRunner static constructor.
RoslynAnalysisRunner will not be running.
RoslynAnalysisRunner has terminated.
Mono: successfully reloaded assembly
- Completed reload, in  0.746 seconds
Platform modules already initialized, skipping
Refreshing native plugins compatible for Editor in 0.20 ms, found 0 plugins.
Preloading 0 native plugins for Editor in 0.00 ms.
Unloading 1100 Unused Serialized files (Serialized files now loaded: 0)
System memory in use before: 58.7 MB.
System memory in use after: 58.8 MB.

Unloading 5 unused Assets to reduce memory usage. Loaded Objects now: 1558.
Total: 1.615600 ms (FindLiveObjects: 0.142600 ms CreateObjectMapping: 0.041600 ms MarkObjects: 1.383300 ms  DeleteObjects: 0.047400 ms)

========================================================================
Received Import Request.
  Time since last request: 79.526806 seconds.
  path: Assets/Scripts/Player/FPC.cs
  artifactKey: Guid(95f586f6ca90deb4089c6d31fd7c1ae2) Importer(815301076,1909f56bfc062723c751e8b465ee728b)
Start importing Assets/Scripts/Player/FPC.cs using Guid(95f586f6ca90deb4089c6d31fd7c1ae2) Importer(815301076,1909f56bfc062723c751e8b465ee728b)  -> (artifact id: 'a76c5b7d4326af1fc764682dd5ea3cc0') in 0.005549 seconds
  Import took 0.097670 seconds .

